# JRE version: 7.0_25-b17
# Java VM: Java HotSpot(TM) Client VM (23.25-b01 mixed mode windows-x86 )
Heap
 def new generation   total 8768K, used 7357K [0x04690000, 0x05010000, 0x09be0000)
  eden space 7808K,  94% used [0x04690000, 0x04dbf630, 0x04e30000)
  from space 960K,   0% used [0x04f20000, 0x04f200d0, 0x05010000)
  to   space 960K,   0% used [0x04e30000, 0x04e30000, 0x04f20000)
 tenured generation   total 19308K, used 12045K [0x09be0000, 0x0aebb000, 0x14690000)
   the space 19308K,  62% used [0x09be0000, 0x0a7a36f8, 0x0a7a3800, 0x0aebb000)
 compacting perm gen  total 12288K, used 8834K [0x14690000, 0x15290000, 0x18690000)
   the space 12288K,  71% used [0x14690000, 0x14f30a38, 0x14f30c00, 0x15290000)
GC Heap History (10 events):
Event: 36.913 GC heap before
{Heap before GC invocations=196 (full 1):
 def new generation   total 8768K, used 7808K [0x04690000, 0x05010000, 0x09be0000)
  eden space 7808K, 100% used [0x04690000, 0x04e30000, 0x04e30000)
  from space 960K,   0% used [0x04e30000, 0x04e30050, 0x04f20000)
  to   space 960K,   0% used [0x04f20000, 0x04f20000, 0x05010000)
 tenured generation   total 19308K, used 12045K [0x09be0000, 0x0aebb000, 0x14690000)
   the space 19308K,  62% used [0x09be0000, 0x0a7a36f8, 0x0a7a3800, 0x0aebb000)
 compacting perm gen  total 12288K, used 8834K [0x14690000, 0x15290000, 0x18690000)
   the space 12288K,  71% used [0x14690000, 0x14f30a38, 0x14f30c00, 0x15290000)
No shared spaces configured.
Event: 36.913 GC heap after
Heap after GC invocations=197 (full 1):
 def new generation   total 8768K, used 0K [0x04690000, 0x05010000, 0x09be0000)
  eden space 7808K,   0% used [0x04690000, 0x04690000, 0x04e30000)
  from space 960K,   0% used [0x04f20000, 0x04f200d0, 0x05010000)
  to   space 960K,   0% used [0x04e30000, 0x04e30000, 0x04f20000)
 tenured generation   total 19308K, used 12045K [0x09be0000, 0x0aebb000, 0x14690000)
   the space 19308K,  62% used [0x09be0000, 0x0a7a36f8, 0x0a7a3800, 0x0aebb000)
 compacting perm gen  total 12288K, used 8834K [0x14690000, 0x15290000, 0x18690000)
   the space 12288K,  71% used [0x14690000, 0x14f30a38, 0x14f30c00, 0x15290000)
No shared spaces configured.
}
Event: 37.272 GC heap before
{Heap before GC invocations=197 (full 1):
 def new generation   total 8768K, used 7808K [0x04690000, 0x05010000, 0x09be0000)
  eden space 7808K, 100% used [0x04690000, 0x04e30000, 0x04e30000)
  from space 960K,   0% used [0x04f20000, 0x04f200d0, 0x05010000)
  to   space 960K,   0% used [0x04e30000, 0x04e30000, 0x04f20000)
 tenured generation   total 19308K, used 12045K [0x09be0000, 0x0aebb000, 0x14690000)
   the space 19308K,  62% used [0x09be0000, 0x0a7a36f8, 0x0a7a3800, 0x0aebb000)
 compacting perm gen  total 12288K, used 8834K [0x14690000, 0x15290000, 0x18690000)
   the space 12288K,  71% used [0x14690000, 0x14f30a38, 0x14f30c00, 0x15290000)
No shared spaces configured.
Event: 37.272 GC heap after
Heap after GC invocations=198 (full 1):
 def new generation   total 8768K, used 0K [0x04690000, 0x05010000, 0x09be0000)
  eden space 7808K,   0% used [0x04690000, 0x04690000, 0x04e30000)
  from space 960K,   0% used [0x04e30000, 0x04e30050, 0x04f20000)
  to   space 960K,   0% used [0x04f20000, 0x04f20000, 0x05010000)
 tenured generation   total 19308K, used 12045K [0x09be0000, 0x0aebb000, 0x14690000)
   the space 19308K,  62% used [0x09be0000, 0x0a7a36f8, 0x0a7a3800, 0x0aebb000)
 compacting perm gen  total 12288K, used 8834K [0x14690000, 0x15290000, 0x18690000)
   the space 12288K,  71% used [0x14690000, 0x14f30a38, 0x14f30c00, 0x15290000)
No shared spaces configured.
}
Event: 37.640 GC heap before
{Heap before GC invocations=198 (full 1):
 def new generation   total 8768K, used 7808K [0x04690000, 0x05010000, 0x09be0000)
  eden space 7808K, 100% used [0x04690000, 0x04e30000, 0x04e30000)
  from space 960K,   0% used [0x04e30000, 0x04e30050, 0x04f20000)
  to   space 960K,   0% used [0x04f20000, 0x04f20000, 0x05010000)
 tenured generation   total 19308K, used 12045K [0x09be0000, 0x0aebb000, 0x14690000)
   the space 19308K,  62% used [0x09be0000, 0x0a7a36f8, 0x0a7a3800, 0x0aebb000)
 compacting perm gen  total 12288K, used 8834K [0x14690000, 0x15290000, 0x18690000)
   the space 12288K,  71% used [0x14690000, 0x14f30a38, 0x14f30c00, 0x15290000)
No shared spaces configured.
Event: 37.641 GC heap after
Heap after GC invocations=199 (full 1):
 def new generation   total 8768K, used 0K [0x04690000, 0x05010000, 0x09be0000)
  eden space 7808K,   0% used [0x04690000, 0x04690000, 0x04e30000)
  from space 960K,   0% used [0x04f20000, 0x04f20050, 0x05010000)
  to   space 960K,   0% used [0x04e30000, 0x04e30000, 0x04f20000)
 tenured generation   total 19308K, used 12045K [0x09be0000, 0x0aebb000, 0x14690000)
   the space 19308K,  62% used [0x09be0000, 0x0a7a36f8, 0x0a7a3800, 0x0aebb000)
 compacting perm gen  total 12288K, used 8834K [0x14690000, 0x15290000, 0x18690000)
   the space 12288K,  71% used [0x14690000, 0x14f30a38, 0x14f30c00, 0x15290000)
No shared spaces configured.
}
Event: 38.154 GC heap before
{Heap before GC invocations=199 (full 1):
 def new generation   total 8768K, used 7808K [0x04690000, 0x05010000, 0x09be0000)
  eden space 7808K, 100% used [0x04690000, 0x04e30000, 0x04e30000)
  from space 960K,   0% used [0x04f20000, 0x04f20050, 0x05010000)
  to   space 960K,   0% used [0x04e30000, 0x04e30000, 0x04f20000)
 tenured generation   total 19308K, used 12045K [0x09be0000, 0x0aebb000, 0x14690000)
   the space 19308K,  62% used [0x09be0000, 0x0a7a36f8, 0x0a7a3800, 0x0aebb000)
 compacting perm gen  total 12288K, used 8834K [0x14690000, 0x15290000, 0x18690000)
   the space 12288K,  71% used [0x14690000, 0x14f30a38, 0x14f30c00, 0x15290000)
No shared spaces configured.
Event: 38.155 GC heap after
Heap after GC invocations=200 (full 1):
 def new generation   total 8768K, used 0K [0x04690000, 0x05010000, 0x09be0000)
  eden space 7808K,   0% used [0x04690000, 0x04690000, 0x04e30000)
  from space 960K,   0% used [0x04e30000, 0x04e300d0, 0x04f20000)
  to   space 960K,   0% used [0x04f20000, 0x04f20000, 0x05010000)
 tenured generation   total 19308K, used 12045K [0x09be0000, 0x0aebb000, 0x14690000)
   the space 19308K,  62% used [0x09be0000, 0x0a7a36f8, 0x0a7a3800, 0x0aebb000)
 compacting perm gen  total 12288K, used 8834K [0x14690000, 0x15290000, 0x18690000)
   the space 12288K,  71% used [0x14690000, 0x14f30a38, 0x14f30c00, 0x15290000)
No shared spaces configured.
}
Event: 38.923 GC heap before
{Heap before GC invocations=200 (full 1):
 def new generation   total 8768K, used 7808K [0x04690000, 0x05010000, 0x09be0000)
  eden space 7808K, 100% used [0x04690000, 0x04e30000, 0x04e30000)
  from space 960K,   0% used [0x04e30000, 0x04e300d0, 0x04f20000)
  to   space 960K,   0% used [0x04f20000, 0x04f20000, 0x05010000)
 tenured generation   total 19308K, used 12045K [0x09be0000, 0x0aebb000, 0x14690000)
   the space 19308K,  62% used [0x09be0000, 0x0a7a36f8, 0x0a7a3800, 0x0aebb000)
 compacting perm gen  total 12288K, used 8834K [0x14690000, 0x15290000, 0x18690000)
   the space 12288K,  71% used [0x14690000, 0x14f30a38, 0x14f30c00, 0x15290000)
No shared spaces configured.
Event: 38.923 GC heap after
Heap after GC invocations=201 (full 1):
 def new generation   total 8768K, used 0K [0x04690000, 0x05010000, 0x09be0000)
  eden space 7808K,   0% used [0x04690000, 0x04690000, 0x04e30000)
  from space 960K,   0% used [0x04f20000, 0x04f200d0, 0x05010000)
  to   space 960K,   0% used [0x04e30000, 0x04e30000, 0x04f20000)
 tenured generation   total 19308K, used 12045K [0x09be0000, 0x0aebb000, 0x14690000)
   the space 19308K,  62% used [0x09be0000, 0x0a7a36f8, 0x0a7a3800, 0x0aebb000)
 compacting perm gen  total 12288K, used 8834K [0x14690000, 0x15290000, 0x18690000)
   the space 12288K,  71% used [0x14690000, 0x14f30a38, 0x14f30c00, 0x15290000)
No shared spaces configured.
}

